#
# There is insufficient memory for the Java Runtime Environment to continue.
# Native memory allocation (malloc) failed to allocate 32744 bytes for Chunk::new
# Possible reasons:
#   The system is out of physical RAM or swap space
#   The process is running with CompressedOops enabled, and the Java Heap may be blocking the growth of the native heap
# Possible solutions:
#   Reduce memory load on the system
#   Increase physical memory or swap space
#   Check if swap backing store is full
#   Decrease Java heap size (-Xmx/-Xms)
#   Decrease number of Java threads
#   Decrease Java thread stack sizes (-Xss)
#   Set larger code cache with -XX:ReservedCodeCacheSize=
#   JVM is running with Zero Based Compressed Oops mode in which the Java heap is
#     placed in the first 32GB address space. The Java Heap base address is the
#     maximum limit for the native heap growth. Please use -XX:HeapBaseMinAddress
#     to set the Java Heap base and to place the Java Heap above 32GB virtual address.
# This output file may be truncated or incomplete.
#
#  Out of Memory Error (arena.cpp:168), pid=22048, tid=22984
#
# JRE version: Java(TM) SE Runtime Environment (21.0.1+12) (build 21.0.1+12-LTS-29)
# Java VM: Java HotSpot(TM) 64-Bit Server VM (21.0.1+12-LTS-29, mixed mode, sharing, tiered, compressed oops, compressed class ptrs, g1 gc, windows-amd64)
# No core dump will be written. Minidumps are not enabled by default on client versions of Windows
#

---------------  S U M M A R Y ------------

Command Line: -javaagent:C:\Program Files\JetBrains\IntelliJ IDEA Community Edition 2023.3.6\lib\idea_rt.jar=53834:C:\Program Files\JetBrains\IntelliJ IDEA Community Edition 2023.3.6\bin -Dfile.encoding=UTF-8 -Dsun.stdout.encoding=UTF-8 -Dsun.stderr.encoding=UTF-8 com.project.concert.ConcertApplication

Host: 12th Gen Intel(R) Core(TM) i9-12900H, 20 cores, 15G,  Windows 11 , 64 bit Build 22621 (10.0.22621.5415)
Time: Thu Feb 19 17:46:53 2026 SE Asia Standard Time elapsed time: 1.698401 seconds (0d 0h 0m 1s)

---------------  T H R E A D  ---------------

Current thread (0x000001ffff4164a0):  JavaThread "C2 CompilerThread2" daemon [_thread_in_native, id=22984, stack(0x0000001556500000,0x0000001556600000) (1024K)]


Current CompileTask:
C2:   1698 2561   !   4       java.net.URL::<init> (543 bytes)

Stack: [0x0000001556500000,0x0000001556600000]
Native frames: (J=compiled Java code, j=interpreted, Vv=VM code, C=native code)
V  [jvm.dll+0x6c9029]
V  [jvm.dll+0x854b81]
V  [jvm.dll+0x856e5e]
V  [jvm.dll+0x857543]
V  [jvm.dll+0x280c06]
V  [jvm.dll+0xc3ead]
V  [jvm.dll+0xc43c3]
V  [jvm.dll+0x6a498d]
V  [jvm.dll+0x1e073a]
V  [jvm.dll+0x393f1d]
V  [jvm.dll+0x6dae9f]
V  [jvm.dll+0x6db7de]
V  [jvm.dll+0x6dac6e]
V  [jvm.dll+0x6d8e8c]
V  [jvm.dll+0x1ccefc]
V  [jvm.dll+0x2f3152]
V  [jvm.dll+0x6e3524]
V  [jvm.dll+0x6db7d6]
V  [jvm.dll+0x6dac6e]
V  [jvm.dll+0x6d8e8c]
V  [jvm.dll+0x1ccefc]
V  [jvm.dll+0x1cdaaa]
V  [jvm.dll+0x2f3152]
V  [jvm.dll+0x6e3524]
V  [jvm.dll+0x6db7d6]
V  [jvm.dll+0x6dac6e]
V  [jvm.dll+0x6d8e8c]
V  [jvm.dll+0x1ccefc]
V  [jvm.dll+0x1cdaaa]
V  [jvm.dll+0x1cdaaa]
V  [jvm.dll+0x2f3152]
V  [jvm.dll+0x6e3524]
V  [jvm.dll+0x6db7d6]
V  [jvm.dll+0x6dac6e]
V  [jvm.dll+0x6d8e8c]
V  [jvm.dll+0x1ccefc]
V  [jvm.dll+0x248c3d]
V  [jvm.dll+0x1c9ca1]
V  [jvm.dll+0x2586b9]
V  [jvm.dll+0x256c9a]
V  [jvm.dll+0x3ef1b6]
V  [jvm.dll+0x7fd728]
V  [jvm.dll+0x6c777d]
C  [ucrtbase.dll+0x29333]
C  [KERNEL32.DLL+0x1259d]
C  [ntdll.dll+0x5af78]


---------------  P R O C E S S  ---------------

Threads class SMR info:
_java_thread_list=0x000001ffd0f38ea0, length=20, elements={
0x000001ffe94c4ad0, 0x000001fffa67c0c0, 0x000001fffa67cfe0, 0x000001fffa67edb0,
0x000001fffa681920, 0x000001fffa682380, 0x000001fffa682f10, 0x000001fffa684b20,
0x000001fffa693400, 0x000001fffa76e740, 0x000001fffa771410, 0x000001fffa8047a0,
0x000001fffa83bc90, 0x000001fffaa6d070, 0x000001fffaa6d6e0, 0x000001ffff3358d0,
0x000001ffff4164a0, 0x000001ffd021fe70, 0x000001ffd02229a0, 0x000001ffd088d8e0
}

Java Threads: ( => current thread )
  0x000001ffe94c4ad0 JavaThread "main"                              [_thread_blocked, id=14504, stack(0x0000001554e00000,0x0000001554f00000) (1024K)]
  0x000001fffa67c0c0 JavaThread "Reference Handler"          daemon [_thread_blocked, id=17216, stack(0x0000001555600000,0x0000001555700000) (1024K)]
  0x000001fffa67cfe0 JavaThread "Finalizer"                  daemon [_thread_blocked, id=14232, stack(0x0000001555700000,0x0000001555800000) (1024K)]
  0x000001fffa67edb0 JavaThread "Signal Dispatcher"          daemon [_thread_blocked, id=21848, stack(0x0000001555800000,0x0000001555900000) (1024K)]
  0x000001fffa681920 JavaThread "Attach Listener"            daemon [_thread_blocked, id=11616, stack(0x0000001555900000,0x0000001555a00000) (1024K)]
  0x000001fffa682380 JavaThread "Service Thread"             daemon [_thread_blocked, id=27040, stack(0x0000001555a00000,0x0000001555b00000) (1024K)]
  0x000001fffa682f10 JavaThread "Monitor Deflation Thread"   daemon [_thread_blocked, id=12692, stack(0x0000001555b00000,0x0000001555c00000) (1024K)]
  0x000001fffa684b20 JavaThread "C2 CompilerThread0"         daemon [_thread_in_native, id=5588, stack(0x0000001555c00000,0x0000001555d00000) (1024K)]
  0x000001fffa693400 JavaThread "C1 CompilerThread0"         daemon [_thread_blocked, id=17652, stack(0x0000001555d00000,0x0000001555e00000) (1024K)]
  0x000001fffa76e740 JavaThread "C1 CompilerThread1"         daemon [_thread_in_native, id=7996, stack(0x0000001555e00000,0x0000001555f00000) (1024K)]
  0x000001fffa771410 JavaThread "C1 CompilerThread2"         daemon [_thread_blocked, id=27544, stack(0x0000001555f00000,0x0000001556000000) (1024K)]
  0x000001fffa8047a0 JavaThread "Common-Cleaner"             daemon [_thread_blocked, id=22644, stack(0x0000001556000000,0x0000001556100000) (1024K)]
  0x000001fffa83bc90 JavaThread "C2 CompilerThread1"         daemon [_thread_in_native, id=20192, stack(0x0000001556100000,0x0000001556200000) (1024K)]
  0x000001fffaa6d070 JavaThread "Monitor Ctrl-Break"         daemon [_thread_in_native, id=26156, stack(0x0000001556200000,0x0000001556300000) (1024K)]
  0x000001fffaa6d6e0 JavaThread "Notification Thread"        daemon [_thread_blocked, id=15848, stack(0x0000001556300000,0x0000001556400000) (1024K)]
  0x000001ffff3358d0 JavaThread "C1 CompilerThread3"         daemon [_thread_blocked, id=8012, stack(0x0000001556400000,0x0000001556500000) (1024K)]
=>0x000001ffff4164a0 JavaThread "C2 CompilerThread2"         daemon [_thread_in_native, id=22984, stack(0x0000001556500000,0x0000001556600000) (1024K)]
  0x000001ffd021fe70 JavaThread "Thread-0"                          [_thread_blocked, id=17040, stack(0x0000001556b00000,0x0000001556c00000) (1024K)]
  0x000001ffd02229a0 JavaThread "restartedMain"                     [_thread_in_Java, id=9360, stack(0x0000001556c00000,0x0000001556d00000) (1024K)]
  0x000001ffd088d8e0 JavaThread "C2 CompilerThread3"         daemon [_thread_in_native, id=11820, stack(0x0000001557300000,0x0000001557400000) (1024K)]
Total: 20

Other Threads:
  0x000001fffa21a600 VMThread "VM Thread"                           [id=14376, stack(0x0000001555500000,0x0000001555600000) (1024K)]
  0x000001fffa202be0 WatcherThread "VM Periodic Task Thread"        [id=24900, stack(0x0000001555400000,0x0000001555500000) (1024K)]
  0x000001ffe952c5e0 WorkerThread "GC Thread#0"                     [id=18728, stack(0x0000001554f00000,0x0000001555000000) (1024K)]
  0x000001ffff65d030 WorkerThread "GC Thread#1"                     [id=19136, stack(0x0000001556600000,0x0000001556700000) (1024K)]
  0x000001ffff65d3d0 WorkerThread "GC Thread#2"                     [id=19740, stack(0x0000001556700000,0x0000001556800000) (1024K)]
  0x000001ffff666c30 WorkerThread "GC Thread#3"                     [id=19212, stack(0x0000001556800000,0x0000001556900000) (1024K)]
  0x000001ffff666fd0 WorkerThread "GC Thread#4"                     [id=4432, stack(0x0000001556900000,0x0000001556a00000) (1024K)]
  0x000001ffff6bbfa0 WorkerThread "GC Thread#5"                     [id=18532, stack(0x0000001556a00000,0x0000001556b00000) (1024K)]
  0x000001ffd05a45c0 WorkerThread "GC Thread#6"                     [id=18424, stack(0x0000001556e00000,0x0000001556f00000) (1024K)]
  0x000001ffd039f830 WorkerThread "GC Thread#7"                     [id=20912, stack(0x0000001556f00000,0x0000001557000000) (1024K)]
  0x000001ffd0610f60 WorkerThread "GC Thread#8"                     [id=10792, stack(0x0000001557000000,0x0000001557100000) (1024K)]
  0x000001ffd0450ee0 WorkerThread "GC Thread#9"                     [id=13456, stack(0x0000001557100000,0x0000001557200000) (1024K)]
  0x000001ffd0451620 WorkerThread "GC Thread#10"                    [id=7980, stack(0x0000001557200000,0x0000001557300000) (1024K)]
  0x000001ffe953d330 ConcurrentGCThread "G1 Main Marker"            [id=23148, stack(0x0000001555000000,0x0000001555100000) (1024K)]
  0x000001ffe953de30 WorkerThread "G1 Conc#0"                       [id=5264, stack(0x0000001555100000,0x0000001555200000) (1024K)]
  0x000001fffa0d7220 ConcurrentGCThread "G1 Refine#0"               [id=12720, stack(0x0000001555200000,0x0000001555300000) (1024K)]
  0x000001fffa0d7d90 ConcurrentGCThread "G1 Service"                [id=10040, stack(0x0000001555300000,0x0000001555400000) (1024K)]
Total: 17

Threads with active compile tasks:
C2 CompilerThread0     1721 2304       4       java.lang.invoke.MethodType::makeImpl (109 bytes)
C1 CompilerThread1     1721 2576   !   3       org.springframework.util.ClassUtils::forName (251 bytes)
C2 CompilerThread1     1721 2325       4       java.lang.invoke.MethodType::methodType (69 bytes)
C2 CompilerThread2     1721 2561   !   4       java.net.URL::<init> (543 bytes)
C2 CompilerThread3     1721 2575       4       org.springframework.boot.context.properties.source.ConfigurationPropertyName::getElement (161 bytes)
Total: 5

VM state: not at safepoint (normal execution)

VM Mutex/Monitor currently owned by a thread: None

Heap address: 0x0000000704400000, size: 4028 MB, Compressed Oops mode: Zero based, Oop shift amount: 3

CDS archive(s) mapped at: [0x000001ff8f000000-0x000001ff8fc90000-0x000001ff8fc90000), size 13172736, SharedBaseAddress: 0x000001ff8f000000, ArchiveRelocationMode: 1.
Compressed class space mapped at: 0x000001ff90000000-0x000001ffd0000000, reserved size: 1073741824
Narrow klass base: 0x000001ff8f000000, Narrow klass shift: 0, Narrow klass range: 0x100000000

GC Precious Log:
 CardTable entry size: 512
 Card Set container configuration: InlinePtr #cards 4 size 8 Array Of Cards #cards 16 size 48 Howl #buckets 8 coarsen threshold 3686 Howl Bitmap #cards 512 size 80 coarsen threshold 460 Card regions per heap region 1 cards per card region 4096
 CPUs: 20 total, 20 available
 Memory: 16109M
 Large Page Support: Disabled
 NUMA Support: Disabled
 Compressed Oops: Enabled (Zero based)
 Heap Region Size: 2M
 Heap Min Capacity: 8M
 Heap Initial Capacity: 252M
 Heap Max Capacity: 4028M
 Pre-touch: Disabled
 Parallel Workers: 15
 Concurrent Workers: 4
 Concurrent Refinement Workers: 15
 Periodic GC: Disabled

Heap:
 garbage-first heap   total 258048K, used 32128K [0x0000000704400000, 0x0000000800000000)
  region size 2048K, 15 young (30720K), 2 survivors (4096K)
 Metaspace       used 17972K, committed 18240K, reserved 1114112K
  class space    used 2206K, committed 2304K, reserved 1048576K

Heap Regions: E=young(eden), S=young(survivor), O=old, HS=humongous(starts), HC=humongous(continues), CS=collection set, F=free, TAMS=top-at-mark-start, PB=parsable bottom
|   0|0x0000000704400000, 0x0000000704600000, 0x0000000704600000|100%| O|  |TAMS 0x0000000704400000| PB 0x0000000704400000| Untracked 
|   1|0x0000000704600000, 0x0000000704800000, 0x0000000704800000|100%| O|  |TAMS 0x0000000704600000| PB 0x0000000704600000| Untracked 
|   2|0x0000000704800000, 0x0000000704a00000, 0x0000000704a00000|100%| O|  |TAMS 0x0000000704800000| PB 0x0000000704800000| Untracked 
|   3|0x0000000704a00000, 0x0000000704b01df8, 0x0000000704c00000| 50%| O|  |TAMS 0x0000000704a00000| PB 0x0000000704a00000| Untracked 
|   4|0x0000000704c00000, 0x0000000704c00000, 0x0000000704e00000|  0%| F|  |TAMS 0x0000000704c00000| PB 0x0000000704c00000| Untracked 
|   5|0x0000000704e00000, 0x0000000704e00000, 0x0000000705000000|  0%| F|  |TAMS 0x0000000704e00000| PB 0x0000000704e00000| Untracked 
|   6|0x0000000705000000, 0x0000000705000000, 0x0000000705200000|  0%| F|  |TAMS 0x0000000705000000| PB 0x0000000705000000| Untracked 
|   7|0x0000000705200000, 0x0000000705200000, 0x0000000705400000|  0%| F|  |TAMS 0x0000000705200000| PB 0x0000000705200000| Untracked 
|   8|0x0000000705400000, 0x0000000705400000, 0x0000000705600000|  0%| F|  |TAMS 0x0000000705400000| PB 0x0000000705400000| Untracked 
|   9|0x0000000705600000, 0x0000000705600000, 0x0000000705800000|  0%| F|  |TAMS 0x0000000705600000| PB 0x0000000705600000| Untracked 
|  10|0x0000000705800000, 0x0000000705800000, 0x0000000705a00000|  0%| F|  |TAMS 0x0000000705800000| PB 0x0000000705800000| Untracked 
|  11|0x0000000705a00000, 0x0000000705a00000, 0x0000000705c00000|  0%| F|  |TAMS 0x0000000705a00000| PB 0x0000000705a00000| Untracked 
|  12|0x0000000705c00000, 0x0000000705c00000, 0x0000000705e00000|  0%| F|  |TAMS 0x0000000705c00000| PB 0x0000000705c00000| Untracked 
|  13|0x0000000705e00000, 0x0000000705e00000, 0x0000000706000000|  0%| F|  |TAMS 0x0000000705e00000| PB 0x0000000705e00000| Untracked 
|  14|0x0000000706000000, 0x0000000706000000, 0x0000000706200000|  0%| F|  |TAMS 0x0000000706000000| PB 0x0000000706000000| Untracked 
|  15|0x0000000706200000, 0x0000000706200000, 0x0000000706400000|  0%| F|  |TAMS 0x0000000706200000| PB 0x0000000706200000| Untracked 
|  16|0x0000000706400000, 0x0000000706400000, 0x0000000706600000|  0%| F|  |TAMS 0x0000000706400000| PB 0x0000000706400000| Untracked 
|  17|0x0000000706600000, 0x0000000706600000, 0x0000000706800000|  0%| F|  |TAMS 0x0000000706600000| PB 0x0000000706600000| Untracked 
|  18|0x0000000706800000, 0x0000000706800000, 0x0000000706a00000|  0%| F|  |TAMS 0x0000000706800000| PB 0x0000000706800000| Untracked 
|  19|0x0000000706a00000, 0x0000000706a00000, 0x0000000706c00000|  0%| F|  |TAMS 0x0000000706a00000| PB 0x0000000706a00000| Untracked 
|  20|0x0000000706c00000, 0x0000000706c00000, 0x0000000706e00000|  0%| F|  |TAMS 0x0000000706c00000| PB 0x0000000706c00000| Untracked 
|  21|0x0000000706e00000, 0x0000000706e00000, 0x0000000707000000|  0%| F|  |TAMS 0x0000000706e00000| PB 0x0000000706e00000| Untracked 
|  22|0x0000000707000000, 0x0000000707000000, 0x0000000707200000|  0%| F|  |TAMS 0x0000000707000000| PB 0x0000000707000000| Untracked 
|  23|0x0000000707200000, 0x0000000707200000, 0x0000000707400000|  0%| F|  |TAMS 0x0000000707200000| PB 0x0000000707200000| Untracked 
|  24|0x0000000707400000, 0x0000000707400000, 0x0000000707600000|  0%| F|  |TAMS 0x0000000707400000| PB 0x0000000707400000| Untracked 
|  25|0x0000000707600000, 0x0000000707600000, 0x0000000707800000|  0%| F|  |TAMS 0x0000000707600000| PB 0x0000000707600000| Untracked 
|  26|0x0000000707800000, 0x0000000707800000, 0x0000000707a00000|  0%| F|  |TAMS 0x0000000707800000| PB 0x0000000707800000| Untracked 
|  27|0x0000000707a00000, 0x0000000707a00000, 0x0000000707c00000|  0%| F|  |TAMS 0x0000000707a00000| PB 0x0000000707a00000| Untracked 
|  28|0x0000000707c00000, 0x0000000707c00000, 0x0000000707e00000|  0%| F|  |TAMS 0x0000000707c00000| PB 0x0000000707c00000| Untracked 
|  29|0x0000000707e00000, 0x0000000707e00000, 0x0000000708000000|  0%| F|  |TAMS 0x0000000707e00000| PB 0x0000000707e00000| Untracked 
|  30|0x0000000708000000, 0x0000000708000000, 0x0000000708200000|  0%| F|  |TAMS 0x0000000708000000| PB 0x0000000708000000| Untracked 
|  31|0x0000000708200000, 0x0000000708200000, 0x0000000708400000|  0%| F|  |TAMS 0x0000000708200000| PB 0x0000000708200000| Untracked 
|  32|0x0000000708400000, 0x0000000708400000, 0x0000000708600000|  0%| F|  |TAMS 0x0000000708400000| PB 0x0000000708400000| Untracked 
|  33|0x0000000708600000, 0x0000000708600000, 0x0000000708800000|  0%| F|  |TAMS 0x0000000708600000| PB 0x0000000708600000| Untracked 
|  34|0x0000000708800000, 0x0000000708800000, 0x0000000708a00000|  0%| F|  |TAMS 0x0000000708800000| PB 0x0000000708800000| Untracked 
|  35|0x0000000708a00000, 0x0000000708a00000, 0x0000000708c00000|  0%| F|  |TAMS 0x0000000708a00000| PB 0x0000000708a00000| Untracked 
|  36|0x0000000708c00000, 0x0000000708c00000, 0x0000000708e00000|  0%| F|  |TAMS 0x0000000708c00000| PB 0x0000000708c00000| Untracked 
|  37|0x0000000708e00000, 0x0000000708e00000, 0x0000000709000000|  0%| F|  |TAMS 0x0000000708e00000| PB 0x0000000708e00000| Untracked 
|  38|0x0000000709000000, 0x0000000709000000, 0x0000000709200000|  0%| F|  |TAMS 0x0000000709000000| PB 0x0000000709000000| Untracked 
|  39|0x0000000709200000, 0x0000000709200000, 0x0000000709400000|  0%| F|  |TAMS 0x0000000709200000| PB 0x0000000709200000| Untracked 
|  40|0x0000000709400000, 0x0000000709400000, 0x0000000709600000|  0%| F|  |TAMS 0x0000000709400000| PB 0x0000000709400000| Untracked 
|  41|0x0000000709600000, 0x0000000709600000, 0x0000000709800000|  0%| F|  |TAMS 0x0000000709600000| PB 0x0000000709600000| Untracked 
|  42|0x0000000709800000, 0x0000000709800000, 0x0000000709a00000|  0%| F|  |TAMS 0x0000000709800000| PB 0x0000000709800000| Untracked 
|  43|0x0000000709a00000, 0x0000000709a00000, 0x0000000709c00000|  0%| F|  |TAMS 0x0000000709a00000| PB 0x0000000709a00000| Untracked 
|  44|0x0000000709c00000, 0x0000000709c00000, 0x0000000709e00000|  0%| F|  |TAMS 0x0000000709c00000| PB 0x0000000709c00000| Untracked 
|  45|0x0000000709e00000, 0x0000000709e00000, 0x000000070a000000|  0%| F|  |TAMS 0x0000000709e00000| PB 0x0000000709e00000| Untracked 
|  46|0x000000070a000000, 0x000000070a000000, 0x000000070a200000|  0%| F|  |TAMS 0x000000070a000000| PB 0x000000070a000000| Untracked 
|  47|0x000000070a200000, 0x000000070a200000, 0x000000070a400000|  0%| F|  |TAMS 0x000000070a200000| PB 0x000000070a200000| Untracked 
|  48|0x000000070a400000, 0x000000070a400000, 0x000000070a600000|  0%| F|  |TAMS 0x000000070a400000| PB 0x000000070a400000| Untracked 
|  49|0x000000070a600000, 0x000000070a600000, 0x000000070a800000|  0%| F|  |TAMS 0x000000070a600000| PB 0x000000070a600000| Untracked 
|  50|0x000000070a800000, 0x000000070a800000, 0x000000070aa00000|  0%| F|  |TAMS 0x000000070a800000| PB 0x000000070a800000| Untracked 
|  51|0x000000070aa00000, 0x000000070aa00000, 0x000000070ac00000|  0%| F|  |TAMS 0x000000070aa00000| PB 0x000000070aa00000| Untracked 
|  52|0x000000070ac00000, 0x000000070ac00000, 0x000000070ae00000|  0%| F|  |TAMS 0x000000070ac00000| PB 0x000000070ac00000| Untracked 
|  53|0x000000070ae00000, 0x000000070ae00000, 0x000000070b000000|  0%| F|  |TAMS 0x000000070ae00000| PB 0x000000070ae00000| Untracked 
|  54|0x000000070b000000, 0x000000070b000000, 0x000000070b200000|  0%| F|  |TAMS 0x000000070b000000| PB 0x000000070b000000| Untracked 
|  55|0x000000070b200000, 0x000000070b200000, 0x000000070b400000|  0%| F|  |TAMS 0x000000070b200000| PB 0x000000070b200000| Untracked 
|  56|0x000000070b400000, 0x000000070b400000, 0x000000070b600000|  0%| F|  |TAMS 0x000000070b400000| PB 0x000000070b400000| Untracked 
|  57|0x000000070b600000, 0x000000070b600000, 0x000000070b800000|  0%| F|  |TAMS 0x000000070b600000| PB 0x000000070b600000| Untracked 
|  58|0x000000070b800000, 0x000000070b800000, 0x000000070ba00000|  0%| F|  |TAMS 0x000000070b800000| PB 0x000000070b800000| Untracked 
|  59|0x000000070ba00000, 0x000000070ba00000, 0x000000070bc00000|  0%| F|  |TAMS 0x000000070ba00000| PB 0x000000070ba00000| Untracked 
|  60|0x000000070bc00000, 0x000000070bc00000, 0x000000070be00000|  0%| F|  |TAMS 0x000000070bc00000| PB 0x000000070bc00000| Untracked 
|  61|0x000000070be00000, 0x000000070be00000, 0x000000070c000000|  0%| F|  |TAMS 0x000000070be00000| PB 0x000000070be00000| Untracked 
|  62|0x000000070c000000, 0x000000070c000000, 0x000000070c200000|  0%| F|  |TAMS 0x000000070c000000| PB 0x000000070c000000| Untracked 
|  63|0x000000070c200000, 0x000000070c200000, 0x000000070c400000|  0%| F|  |TAMS 0x000000070c200000| PB 0x000000070c200000| Untracked 
|  64|0x000000070c400000, 0x000000070c400000, 0x000000070c600000|  0%| F|  |TAMS 0x000000070c400000| PB 0x000000070c400000| Untracked 
|  65|0x000000070c600000, 0x000000070c600000, 0x000000070c800000|  0%| F|  |TAMS 0x000000070c600000| PB 0x000000070c600000| Untracked 
|  66|0x000000070c800000, 0x000000070c800000, 0x000000070ca00000|  0%| F|  |TAMS 0x000000070c800000| PB 0x000000070c800000| Untracked 
|  67|0x000000070ca00000, 0x000000070ca00000, 0x000000070cc00000|  0%| F|  |TAMS 0x000000070ca00000| PB 0x000000070ca00000| Untracked 
|  68|0x000000070cc00000, 0x000000070cc00000, 0x000000070ce00000|  0%| F|  |TAMS 0x000000070cc00000| PB 0x000000070cc00000| Untracked 
|  69|0x000000070ce00000, 0x000000070ce00000, 0x000000070d000000|  0%| F|  |TAMS 0x000000070ce00000| PB 0x000000070ce00000| Untracked 
|  70|0x000000070d000000, 0x000000070d000000, 0x000000070d200000|  0%| F|  |TAMS 0x000000070d000000| PB 0x000000070d000000| Untracked 
|  71|0x000000070d200000, 0x000000070d200000, 0x000000070d400000|  0%| F|  |TAMS 0x000000070d200000| PB 0x000000070d200000| Untracked 
|  72|0x000000070d400000, 0x000000070d400000, 0x000000070d600000|  0%| F|  |TAMS 0x000000070d400000| PB 0x000000070d400000| Untracked 
|  73|0x000000070d600000, 0x000000070d600000, 0x000000070d800000|  0%| F|  |TAMS 0x000000070d600000| PB 0x000000070d600000| Untracked 
|  74|0x000000070d800000, 0x000000070d800000, 0x000000070da00000|  0%| F|  |TAMS 0x000000070d800000| PB 0x000000070d800000| Untracked 
|  75|0x000000070da00000, 0x000000070da00000, 0x000000070dc00000|  0%| F|  |TAMS 0x000000070da00000| PB 0x000000070da00000| Untracked 
|  76|0x000000070dc00000, 0x000000070dc00000, 0x000000070de00000|  0%| F|  |TAMS 0x000000070dc00000| PB 0x000000070dc00000| Untracked 
|  77|0x000000070de00000, 0x000000070de00000, 0x000000070e000000|  0%| F|  |TAMS 0x000000070de00000| PB 0x000000070de00000| Untracked 
|  78|0x000000070e000000, 0x000000070e000000, 0x000000070e200000|  0%| F|  |TAMS 0x000000070e000000| PB 0x000000070e000000| Untracked 
|  79|0x000000070e200000, 0x000000070e200000, 0x000000070e400000|  0%| F|  |TAMS 0x000000070e200000| PB 0x000000070e200000| Untracked 
|  80|0x000000070e400000, 0x000000070e400000, 0x000000070e600000|  0%| F|  |TAMS 0x000000070e400000| PB 0x000000070e400000| Untracked 
|  81|0x000000070e600000, 0x000000070e600000, 0x000000070e800000|  0%| F|  |TAMS 0x000000070e600000| PB 0x000000070e600000| Untracked 
|  82|0x000000070e800000, 0x000000070e800000, 0x000000070ea00000|  0%| F|  |TAMS 0x000000070e800000| PB 0x000000070e800000| Untracked 
|  83|0x000000070ea00000, 0x000000070ea00000, 0x000000070ec00000|  0%| F|  |TAMS 0x000000070ea00000| PB 0x000000070ea00000| Untracked 
|  84|0x000000070ec00000, 0x000000070ec00000, 0x000000070ee00000|  0%| F|  |TAMS 0x000000070ec00000| PB 0x000000070ec00000| Untracked 
|  85|0x000000070ee00000, 0x000000070ee00000, 0x000000070f000000|  0%| F|  |TAMS 0x000000070ee00000| PB 0x000000070ee00000| Untracked 
|  86|0x000000070f000000, 0x000000070f000000, 0x000000070f200000|  0%| F|  |TAMS 0x000000070f000000| PB 0x000000070f000000| Untracked 
|  87|0x000000070f200000, 0x000000070f200000, 0x000000070f400000|  0%| F|  |TAMS 0x000000070f200000| PB 0x000000070f200000| Untracked 
|  88|0x000000070f400000, 0x000000070f400000, 0x000000070f600000|  0%| F|  |TAMS 0x000000070f400000| PB 0x000000070f400000| Untracked 
|  89|0x000000070f600000, 0x000000070f600000, 0x000000070f800000|  0%| F|  |TAMS 0x000000070f600000| PB 0x000000070f600000| Untracked 
|  90|0x000000070f800000, 0x000000070f800000, 0x000000070fa00000|  0%| F|  |TAMS 0x000000070f800000| PB 0x000000070f800000| Untracked 
|  91|0x000000070fa00000, 0x000000070fa00000, 0x000000070fc00000|  0%| F|  |TAMS 0x000000070fa00000| PB 0x000000070fa00000| Untracked 
|  92|0x000000070fc00000, 0x000000070fc00000, 0x000000070fe00000|  0%| F|  |TAMS 0x000000070fc00000| PB 0x000000070fc00000| Untracked 
|  93|0x000000070fe00000, 0x000000070fe00000, 0x0000000710000000|  0%| F|  |TAMS 0x000000070fe00000| PB 0x000000070fe00000| Untracked 
|  94|0x0000000710000000, 0x0000000710000000, 0x0000000710200000|  0%| F|  |TAMS 0x0000000710000000| PB 0x0000000710000000| Untracked 
|  95|0x0000000710200000, 0x0000000710200000, 0x0000000710400000|  0%| F|  |TAMS 0x0000000710200000| PB 0x0000000710200000| Untracked 
|  96|0x0000000710400000, 0x0000000710400000, 0x0000000710600000|  0%| F|  |TAMS 0x0000000710400000| PB 0x0000000710400000| Untracked 
|  97|0x0000000710600000, 0x0000000710600000, 0x0000000710800000|  0%| F|  |TAMS 0x0000000710600000| PB 0x0000000710600000| Untracked 
|  98|0x0000000710800000, 0x0000000710800000, 0x0000000710a00000|  0%| F|  |TAMS 0x0000000710800000| PB 0x0000000710800000| Untracked 
|  99|0x0000000710a00000, 0x0000000710a00000, 0x0000000710c00000|  0%| F|  |TAMS 0x0000000710a00000| PB 0x0000000710a00000| Untracked 
| 100|0x0000000710c00000, 0x0000000710c00000, 0x0000000710e00000|  0%| F|  |TAMS 0x0000000710c00000| PB 0x0000000710c00000| Untracked 
| 101|0x0000000710e00000, 0x0000000710e00000, 0x0000000711000000|  0%| F|  |TAMS 0x0000000710e00000| PB 0x0000000710e00000| Untracked 
| 102|0x0000000711000000, 0x0000000711000000, 0x0000000711200000|  0%| F|  |TAMS 0x0000000711000000| PB 0x0000000711000000| Untracked 
| 103|0x0000000711200000, 0x0000000711200000, 0x0000000711400000|  0%| F|  |TAMS 0x0000000711200000| PB 0x0000000711200000| Untracked 
| 104|0x0000000711400000, 0x0000000711400000, 0x0000000711600000|  0%| F|  |TAMS 0x0000000711400000| PB 0x0000000711400000| Untracked 
| 105|0x0000000711600000, 0x0000000711600000, 0x0000000711800000|  0%| F|  |TAMS 0x0000000711600000| PB 0x0000000711600000| Untracked 
| 106|0x0000000711800000, 0x0000000711800000, 0x0000000711a00000|  0%| F|  |TAMS 0x0000000711800000| PB 0x0000000711800000| Untracked 
| 107|0x0000000711a00000, 0x0000000711a00000, 0x0000000711c00000|  0%| F|  |TAMS 0x0000000711a00000| PB 0x0000000711a00000| Untracked 
| 108|0x0000000711c00000, 0x0000000711c00000, 0x0000000711e00000|  0%| F|  |TAMS 0x0000000711c00000| PB 0x0000000711c00000| Untracked 
| 109|0x0000000711e00000, 0x0000000711e5e560, 0x0000000712000000| 18%| S|CS|TAMS 0x0000000711e00000| PB 0x0000000711e00000| Complete 
| 110|0x0000000712000000, 0x0000000712200000, 0x0000000712200000|100%| S|CS|TAMS 0x0000000712000000| PB 0x0000000712000000| Complete 
| 111|0x0000000712200000, 0x0000000712200000, 0x0000000712400000|  0%| F|  |TAMS 0x0000000712200000| PB 0x0000000712200000| Untracked 
| 112|0x0000000712400000, 0x0000000712400000, 0x0000000712600000|  0%| F|  |TAMS 0x0000000712400000| PB 0x0000000712400000| Untracked 
| 113|0x0000000712600000, 0x00000007127d1fc0, 0x0000000712800000| 91%| E|  |TAMS 0x0000000712600000| PB 0x0000000712600000| Complete 
| 114|0x0000000712800000, 0x0000000712a00000, 0x0000000712a00000|100%| E|CS|TAMS 0x0000000712800000| PB 0x0000000712800000| Complete 
| 115|0x0000000712a00000, 0x0000000712c00000, 0x0000000712c00000|100%| E|CS|TAMS 0x0000000712a00000| PB 0x0000000712a00000| Complete 
| 116|0x0000000712c00000, 0x0000000712e00000, 0x0000000712e00000|100%| E|CS|TAMS 0x0000000712c00000| PB 0x0000000712c00000| Complete 
| 117|0x0000000712e00000, 0x0000000713000000, 0x0000000713000000|100%| E|CS|TAMS 0x0000000712e00000| PB 0x0000000712e00000| Complete 
| 118|0x0000000713000000, 0x0000000713200000, 0x0000000713200000|100%| E|CS|TAMS 0x0000000713000000| PB 0x0000000713000000| Complete 
| 119|0x0000000713200000, 0x0000000713400000, 0x0000000713400000|100%| E|  |TAMS 0x0000000713200000| PB 0x0000000713200000| Complete 
| 120|0x0000000713400000, 0x0000000713600000, 0x0000000713600000|100%| E|CS|TAMS 0x0000000713400000| PB 0x0000000713400000| Complete 
| 121|0x0000000713600000, 0x0000000713800000, 0x0000000713800000|100%| E|CS|TAMS 0x0000000713600000| PB 0x0000000713600000| Complete 
| 122|0x0000000713800000, 0x0000000713a00000, 0x0000000713a00000|100%| E|CS|TAMS 0x0000000713800000| PB 0x0000000713800000| Complete 
| 123|0x0000000713a00000, 0x0000000713c00000, 0x0000000713c00000|100%| E|CS|TAMS 0x0000000713a00000| PB 0x0000000713a00000| Complete 
| 124|0x0000000713c00000, 0x0000000713e00000, 0x0000000713e00000|100%| E|CS|TAMS 0x0000000713c00000| PB 0x0000000713c00000| Complete 
| 125|0x0000000713e00000, 0x0000000714000000, 0x0000000714000000|100%| E|CS|TAMS 0x0000000713e00000| PB 0x0000000713e00000| Complete 

Card table byte_map: [0x000001fff2b90000,0x000001fff3370000] _byte_map_base: 0x000001ffef36e000

Marking Bits: (CMBitMap*) 0x000001ffe952cce0
 Bits: [0x000001fff3370000, 0x000001fff7260000)

Polling page: 0x000001ffe7430000

Metaspace:

Usage:
  Non-class:     15.40 MB used.
      Class:      2.15 MB used.
       Both:     17.55 MB used.

Virtual space:
  Non-class space:       64.00 MB reserved,      15.56 MB ( 24%) committed,  1 nodes.
      Class space:        1.00 GB reserved,       2.25 MB ( <1%) committed,  1 nodes.
             Both:        1.06 GB reserved,      17.81 MB (  2%) committed. 

Chunk freelists:
   Non-Class:  496.00 KB
       Class:  13.75 MB
        Both:  14.23 MB

MaxMetaspaceSize: unlimited
CompressedClassSpaceSize: 1.00 GB
Initial GC threshold: 21.00 MB
Current GC threshold: 21.00 MB
CDS: on
 - commit_granule_bytes: 65536.
 - commit_granule_words: 8192.
 - virtual_space_node_default_size: 8388608.
 - enlarge_chunks_in_place: 1.
 - use_allocation_guard: 0.


Internal statistics:

num_allocs_failed_limit: 0.
num_arena_births: 318.
num_arena_deaths: 0.
num_vsnodes_births: 2.
num_vsnodes_deaths: 0.
num_space_committed: 285.
num_space_uncommitted: 0.
num_chunks_returned_to_freelist: 0.
num_chunks_taken_from_freelist: 941.
num_chunk_merges: 0.
num_chunk_splits: 603.
num_chunks_enlarged: 402.
num_inconsistent_stats: 0.

CodeHeap 'non-profiled nmethods': size=119168Kb used=893Kb max_used=893Kb free=118274Kb
 bounds [0x000001ff87ba0000, 0x000001ff87e10000, 0x000001ff8f000000]
CodeHeap 'profiled nmethods': size=119104Kb used=5070Kb max_used=5070Kb free=114033Kb
 bounds [0x000001ff80000000, 0x000001ff80500000, 0x000001ff87450000]
CodeHeap 'non-nmethods': size=7488Kb used=3128Kb max_used=3147Kb free=4359Kb
 bounds [0x000001ff87450000, 0x000001ff87770000, 0x000001ff87ba0000]
 total_blobs=3096 nmethods=2569 adapters=428
 compilation: enabled
              stopped_count=0, restarted_count=0
 full_count=0

Compilation events (20 events):
Event: 1.673 Thread 0x000001fffa693400 nmethod 2568 0x000001ff804ede10 code [0x000001ff804edfc0, 0x000001ff804ee1e8]
Event: 1.673 Thread 0x000001ffd088d8e0 2575       4       org.springframework.boot.context.properties.source.ConfigurationPropertyName::getElement (161 bytes)
Event: 1.673 Thread 0x000001fffa771410 2574       3       java.util.stream.SpinedBuffer::copyInto (129 bytes)
Event: 1.673 Thread 0x000001fffa76e740 2570       3       java.util.stream.Nodes$SpinedNodeBuilder::build (25 bytes)
Event: 1.673 Thread 0x000001fffa693400 2571       3       java.util.stream.Nodes$SpinedNodeBuilder::asArray (29 bytes)
Event: 1.674 Thread 0x000001ffff3358d0 nmethod 2565 0x000001ff804ee290 code [0x000001ff804ee580, 0x000001ff804ef648]
Event: 1.674 Thread 0x000001fffa76e740 nmethod 2570 0x000001ff804efd10 code [0x000001ff804efea0, 0x000001ff804effc0]
Event: 1.674 Thread 0x000001fffa693400 nmethod 2571 0x000001ff804f0090 code [0x000001ff804f0240, 0x000001ff804f0398]
Event: 1.674 Thread 0x000001fffa76e740 2572       3       java.util.stream.SpinedBuffer::asArray (46 bytes)
Event: 1.674 Thread 0x000001fffa693400 2573       3       java.util.stream.Nodes$SpinedNodeBuilder::copyInto (30 bytes)
Event: 1.675 Thread 0x000001fffa771410 nmethod 2574 0x000001ff804f0410 code [0x000001ff804f0640, 0x000001ff804f10f8]
Event: 1.675 Thread 0x000001fffa693400 nmethod 2573 0x000001ff804f1410 code [0x000001ff804f15c0, 0x000001ff804f1718]
Event: 1.675 Thread 0x000001fffa76e740 nmethod 2572 0x000001ff804f1810 code [0x000001ff804f1a00, 0x000001ff804f2040]
Event: 1.680 Thread 0x000001fffa76e740 2576   !   3       org.springframework.util.ClassUtils::forName (251 bytes)
Event: 1.680 Thread 0x000001fffa771410 2577       3       org.springframework.util.ClassUtils::resolvePrimitiveClassName (30 bytes)
Event: 1.681 Thread 0x000001fffa693400 2578       3       org.springframework.boot.devtools.restart.classloader.ClassLoaderFiles::getFile (54 bytes)
Event: 1.681 Thread 0x000001fffa693400 nmethod 2578 0x000001ff804f2210 code [0x000001ff804f2440, 0x000001ff804f2af8]
Event: 1.681 Thread 0x000001fffa771410 nmethod 2577 0x000001ff804f2d10 code [0x000001ff804f2f00, 0x000001ff804f3400]
Event: 1.681 Thread 0x000001ffff3358d0 2579       3       java.lang.reflect.Constructor::getParameterCount (6 bytes)
Event: 1.682 Thread 0x000001ffff3358d0 nmethod 2579 0x000001ff804f3590 code [0x000001ff804f3720, 0x000001ff804f3838]

GC Heap History (4 events):
Event: 0.588 GC heap before
{Heap before GC invocations=0 (full 0):
 garbage-first heap   total 258048K, used 20480K [0x0000000704400000, 0x0000000800000000)
  region size 2048K, 11 young (22528K), 0 survivors (0K)
 Metaspace       used 4444K, committed 4672K, reserved 1114112K
  class space    used 494K, committed 640K, reserved 1048576K
}
Event: 0.593 GC heap after
{Heap after GC invocations=1 (full 0):
 garbage-first heap   total 258048K, used 6767K [0x0000000704400000, 0x0000000800000000)
  region size 2048K, 2 young (4096K), 2 survivors (4096K)
 Metaspace       used 4444K, committed 4672K, reserved 1114112K
  class space    used 494K, committed 640K, reserved 1048576K
}
Event: 1.191 GC heap before
{Heap before GC invocations=1 (full 0):
 garbage-first heap   total 258048K, used 31343K [0x0000000704400000, 0x0000000800000000)
  region size 2048K, 15 young (30720K), 2 survivors (4096K)
 Metaspace       used 11498K, committed 11776K, reserved 1114112K
  class space    used 1376K, committed 1472K, reserved 1048576K
}
Event: 1.195 GC heap after
{Heap after GC invocations=2 (full 0):
 garbage-first heap   total 258048K, used 9600K [0x0000000704400000, 0x0000000800000000)
  region size 2048K, 2 young (4096K), 2 survivors (4096K)
 Metaspace       used 11498K, committed 11776K, reserved 1114112K
  class space    used 1376K, committed 1472K, reserved 1048576K
}

Dll operation events (13 events):
Event: 0.008 Loaded shared library C:\Program Files\Java\jdk-21\bin\java.dll
Event: 0.041 Loaded shared library C:\Program Files\Java\jdk-21\bin\jsvml.dll
Event: 0.109 Loaded shared library C:\Program Files\Java\jdk-21\bin\zip.dll
Event: 0.112 Loaded shared library C:\Program Files\Java\jdk-21\bin\instrument.dll
Event: 0.118 Loaded shared library C:\Program Files\Java\jdk-21\bin\net.dll
Event: 0.119 Loaded shared library C:\Program Files\Java\jdk-21\bin\nio.dll
Event: 0.122 Loaded shared library C:\Program Files\Java\jdk-21\bin\zip.dll
Event: 0.214 Loaded shared library C:\Program Files\JetBrains\IntelliJ IDEA Community Edition 2023.3.6\bin\breakgen64.dll
Event: 0.223 Loaded shared library C:\Program Files\Java\jdk-21\bin\extnet.dll
Event: 0.257 Loaded shared library C:\Program Files\Java\jdk-21\bin\jimage.dll
Event: 0.557 Loaded shared library C:\Program Files\Java\jdk-21\bin\management.dll
Event: 0.562 Loaded shared library C:\Program Files\Java\jdk-21\bin\management_ext.dll
Event: 1.623 Loaded shared library C:\Program Files\Java\jdk-21\bin\sunmscapi.dll

Deoptimization events (20 events):
Event: 1.578 Thread 0x000001ffd02229a0 Uncommon trap: trap_request=0xffffff45 fr.pc=0x000001ff87c3173c relative=0x000000000000011c
Event: 1.578 Thread 0x000001ffd02229a0 Uncommon trap: reason=unstable_if action=reinterpret pc=0x000001ff87c3173c method=java.util.Arrays.equals([Ljava/lang/Object;[Ljava/lang/Object;)Z @ 44 c2
Event: 1.578 Thread 0x000001ffd02229a0 DEOPT PACKING pc=0x000001ff87c3173c sp=0x0000001556cfd220
Event: 1.578 Thread 0x000001ffd02229a0 DEOPT UNPACKING pc=0x000001ff874a46a2 sp=0x0000001556cfd1c0 mode 2
Event: 1.603 Thread 0x000001ffd0359290 Uncommon trap: trap_request=0xffffffc6 fr.pc=0x000001ff87c51104 relative=0x0000000000000324
Event: 1.603 Thread 0x000001ffd0359290 Uncommon trap: reason=bimorphic_or_optimized_type_check action=maybe_recompile pc=0x000001ff87c51104 method=java.util.HashMap.getNode(Ljava/lang/Object;)Ljava/util/HashMap$Node; @ 128 c2
Event: 1.603 Thread 0x000001ffd0359290 DEOPT PACKING pc=0x000001ff87c51104 sp=0x0000001556dfca80
Event: 1.603 Thread 0x000001ffd0359290 DEOPT UNPACKING pc=0x000001ff874a46a2 sp=0x0000001556dfc998 mode 2
Event: 1.637 Thread 0x000001ffd02229a0 Uncommon trap: trap_request=0xffffff45 fr.pc=0x000001ff87c18f90 relative=0x0000000000000070
Event: 1.637 Thread 0x000001ffd02229a0 Uncommon trap: reason=unstable_if action=reinterpret pc=0x000001ff87c18f90 method=java.lang.ref.ReferenceQueue.poll()Ljava/lang/ref/Reference; @ 4 c2
Event: 1.637 Thread 0x000001ffd02229a0 DEOPT PACKING pc=0x000001ff87c18f90 sp=0x0000001556cfdec0
Event: 1.637 Thread 0x000001ffd02229a0 DEOPT UNPACKING pc=0x000001ff874a46a2 sp=0x0000001556cfde48 mode 2
Event: 1.657 Thread 0x000001ffd02229a0 Uncommon trap: trap_request=0xffffffc6 fr.pc=0x000001ff87c3f290 relative=0x0000000000000850
Event: 1.657 Thread 0x000001ffd02229a0 Uncommon trap: reason=bimorphic_or_optimized_type_check action=maybe_recompile pc=0x000001ff87c3f290 method=java.util.HashMap.putVal(ILjava/lang/Object;Ljava/lang/Object;ZZ)Ljava/lang/Object; @ 91 c2
Event: 1.658 Thread 0x000001ffd02229a0 DEOPT PACKING pc=0x000001ff87c3f290 sp=0x0000001556cfe260
Event: 1.658 Thread 0x000001ffd02229a0 DEOPT UNPACKING pc=0x000001ff874a46a2 sp=0x0000001556cfe1e0 mode 2
Event: 1.658 Thread 0x000001ffd02229a0 Uncommon trap: trap_request=0xffffffc6 fr.pc=0x000001ff87c3f290 relative=0x0000000000000850
Event: 1.658 Thread 0x000001ffd02229a0 Uncommon trap: reason=bimorphic_or_optimized_type_check action=maybe_recompile pc=0x000001ff87c3f290 method=java.util.HashMap.putVal(ILjava/lang/Object;Ljava/lang/Object;ZZ)Ljava/lang/Object; @ 91 c2
Event: 1.658 Thread 0x000001ffd02229a0 DEOPT PACKING pc=0x000001ff87c3f290 sp=0x0000001556cfe2f0
Event: 1.658 Thread 0x000001ffd02229a0 DEOPT UNPACKING pc=0x000001ff874a46a2 sp=0x0000001556cfe270 mode 2

Classes loaded (20 events):
Event: 1.632 Loading class java/security/AuthProvider
Event: 1.632 Loading class java/security/AuthProvider done
Event: 1.633 Loading class java/security/PrivilegedActionException
Event: 1.633 Loading class java/security/PrivilegedActionException done
Event: 1.634 Loading class javax/security/auth/login/FailedLoginException
Event: 1.634 Loading class javax/security/auth/login/FailedLoginException done
Event: 1.635 Loading class javax/security/auth/Subject
Event: 1.635 Loading class javax/security/auth/Subject done
Event: 1.635 Loading class javax/security/auth/callback/CallbackHandler
Event: 1.635 Loading class javax/security/auth/callback/CallbackHandler done
Event: 1.650 Loading class sun/security/provider/certpath/ldap/JdkLDAP
Event: 1.650 Loading class sun/security/provider/certpath/ldap/JdkLDAP done
Event: 1.651 Loading class sun/security/provider/certpath/ldap/JdkLDAP$ProviderService
Event: 1.651 Loading class sun/security/provider/certpath/ldap/JdkLDAP$ProviderService done
Event: 1.652 Loading class com/sun/security/sasl/Provider
Event: 1.652 Loading class com/sun/security/sasl/Provider done
Event: 1.652 Loading class com/sun/security/sasl/Provider$1
Event: 1.652 Loading class com/sun/security/sasl/Provider$1 done
Event: 1.653 Loading class com/sun/security/sasl/Provider$ProviderService
Event: 1.653 Loading class com/sun/security/sasl/Provider$ProviderService done

Classes unloaded (0 events):
No events

Classes redefined (0 events):
No events

Internal exceptions (20 events):
Event: 0.918 Thread 0x000001ffd02229a0 Exception <a 'java/lang/NoSuchMethodError'{0x00000007130260d0}: 'void java.lang.invoke.DirectMethodHandle$Holder.invokeInterface(java.lang.Object, java.lang.Object, java.lang.Object)'> (0x00000007130260d0) 
thrown [s\open\src\hotspot\share\interpreter\linkResolver.cpp, line 773]
Event: 0.949 Thread 0x000001ffd02229a0 Exception <a 'java/lang/NoSuchMethodError'{0x00000007130c3c90}: 'void java.lang.invoke.DirectMethodHandle$Holder.invokeStaticInit(java.lang.Object, java.lang.Object, java.lang.Object)'> (0x00000007130c3c90) 
thrown [s\open\src\hotspot\share\interpreter\linkResolver.cpp, line 773]
Event: 0.981 Thread 0x000001ffd02229a0 Exception <a 'java/lang/NoSuchMethodError'{0x000000071315cd18}: 'void java.lang.invoke.DirectMethodHandle$Holder.invokeVirtual(java.lang.Object, java.lang.Object, java.lang.Object, java.lang.Object)'> (0x000000071315cd18) 
thrown [s\open\src\hotspot\share\interpreter\linkResolver.cpp, line 773]
Event: 1.084 Thread 0x000001ffd0359290 Exception <a 'java/lang/NoClassDefFoundError'{0x0000000712c081e0}: jakarta/validation/Validation> (0x0000000712c081e0) 
thrown [s\open\src\hotspot\share\classfile\systemDictionary.cpp, line 301]
Event: 1.093 Thread 0x000001ffd02229a0 Exception <a 'java/lang/NoSuchMethodError'{0x0000000712c89c10}: 'java.lang.reflect.Field[] java.lang.Class.getDeclaredFields(java.lang.Class)'> (0x0000000712c89c10) 
thrown [s\open\src\hotspot\share\interpreter\linkResolver.cpp, line 773]
Event: 1.111 Thread 0x000001ffd02229a0 Exception <a 'java/lang/NoSuchMethodError'{0x0000000712c8e510}: 'java.lang.Object java.lang.invoke.DirectMethodHandle$Holder.invokeStatic(java.lang.Object, java.lang.Object, int)'> (0x0000000712c8e510) 
thrown [s\open\src\hotspot\share\interpreter\linkResolver.cpp, line 773]
Event: 1.114 Thread 0x000001ffd02229a0 Exception <a 'java/lang/NoSuchMethodError'{0x0000000712d09e40}: 'void java.lang.invoke.DelegatingMethodHandle$Holder.delegate(java.lang.Object, java.lang.Object, int, java.lang.Object)'> (0x0000000712d09e40) 
thrown [s\open\src\hotspot\share\interpreter\linkResolver.cpp, line 773]
Event: 1.130 Thread 0x000001ffd02229a0 Exception <a 'java/lang/IncompatibleClassChangeError'{0x0000000712df0388}: Found class java.lang.Object, but interface was expected> (0x0000000712df0388) 
thrown [s\open\src\hotspot\share\interpreter\linkResolver.cpp, line 840]
Event: 1.140 Thread 0x000001ffd02229a0 Exception <a 'java/lang/NoSuchMethodError'{0x0000000712a224c8}: 'java.lang.Object java.lang.invoke.DirectMethodHandle$Holder.invokeStaticInit(java.lang.Object, int)'> (0x0000000712a224c8) 
thrown [s\open\src\hotspot\share\interpreter\linkResolver.cpp, line 773]
Event: 1.142 Thread 0x000001ffd02229a0 Exception <a 'java/lang/NoSuchMethodError'{0x0000000712a2c4f0}: 'java.lang.Object java.lang.invoke.DirectMethodHandle$Holder.invokeStatic(java.lang.Object, int, java.lang.Object)'> (0x0000000712a2c4f0) 
thrown [s\open\src\hotspot\share\interpreter\linkResolver.cpp, line 773]
Event: 1.143 Thread 0x000001ffd02229a0 Exception <a 'java/lang/NoSuchMethodError'{0x0000000712a2fb40}: 'java.lang.Object java.lang.invoke.DirectMethodHandle$Holder.invokeStaticInit(java.lang.Object, int, java.lang.Object)'> (0x0000000712a2fb40) 
thrown [s\open\src\hotspot\share\interpreter\linkResolver.cpp, line 773]
Event: 1.497 Thread 0x000001ffd0359290 Exception <a 'java/lang/NoSuchMethodError'{0x0000000712c06a30}: 'long java.lang.invoke.DirectMethodHandle$Holder.invokeSpecial(java.lang.Object, java.lang.Object)'> (0x0000000712c06a30) 
thrown [s\open\src\hotspot\share\interpreter\linkResolver.cpp, line 773]
Event: 1.501 Thread 0x000001ffd0359290 Exception <a 'java/lang/NoSuchMethodError'{0x0000000712c10640}: 'long java.lang.invoke.DirectMethodHandle$Holder.invokeStatic(java.lang.Object, java.lang.Object)'> (0x0000000712c10640) 
thrown [s\open\src\hotspot\share\interpreter\linkResolver.cpp, line 773]
Event: 1.501 Thread 0x000001ffd0359290 Exception <a 'java/lang/NoSuchMethodError'{0x0000000712c136f8}: 'long java.lang.invoke.DirectMethodHandle$Holder.invokeStaticInit(java.lang.Object, java.lang.Object)'> (0x0000000712c136f8) 
thrown [s\open\src\hotspot\share\interpreter\linkResolver.cpp, line 773]
Event: 1.503 Thread 0x000001ffd0359290 Exception <a 'java/lang/NoSuchMethodError'{0x0000000712c5ba40}: 'long java.lang.invoke.DirectMethodHandle$Holder.invokeInterface(java.lang.Object, java.lang.Object)'> (0x0000000712c5ba40) 
thrown [s\open\src\hotspot\share\interpreter\linkResolver.cpp, line 773]
Event: 1.503 Thread 0x000001ffd0359290 Exception <a 'java/lang/IncompatibleClassChangeError'{0x0000000712c5ea40}: Found class java.lang.Object, but interface was expected> (0x0000000712c5ea40) 
thrown [s\open\src\hotspot\share\interpreter\linkResolver.cpp, line 840]
Event: 1.509 Thread 0x000001ffd0359290 Exception <a 'java/lang/NoSuchMethodError'{0x0000000712c73e60}: 'java.lang.Object java.lang.invoke.DirectMethodHandle$Holder.invokeVirtual(java.lang.Object, java.lang.Object, java.lang.Object, java.lang.Object)'> (0x0000000712c73e60) 
thrown [s\open\src\hotspot\share\interpreter\linkResolver.cpp, line 773]
Event: 1.522 Thread 0x000001ffd02229a0 Exception <a 'java/lang/NoSuchMethodError'{0x0000000712d12c60}: 'java.lang.Object java.lang.invoke.DirectMethodHandle$Holder.invokeVirtual(java.lang.Object, java.lang.Object, java.lang.Object)'> (0x0000000712d12c60) 
thrown [s\open\src\hotspot\share\interpreter\linkResolver.cpp, line 773]
Event: 1.530 Thread 0x000001ffd02229a0 Exception <a 'java/lang/NoSuchMethodError'{0x0000000712d88d18}: 'int java.lang.invoke.DirectMethodHandle$Holder.invokeSpecial(java.lang.Object, java.lang.Object, java.lang.Object, java.lang.Object, java.lang.Object)'> (0x0000000712d88d18) 
thrown [s\open\src\hotspot\share\interpreter\linkResolver.cpp, line 773]
Event: 1.533 Thread 0x000001ffd02229a0 Exception <a 'java/lang/NoSuchMethodError'{0x0000000712d90f38}: 'void java.lang.invoke.DirectMethodHandle$Holder.invokeVirtual(java.lang.Object, java.lang.Object)'> (0x0000000712d90f38) 
thrown [s\open\src\hotspot\share\interpreter\linkResolver.cpp, line 773]

ZGC Phase Switch (0 events):
No events

VM Operations (20 events):
Event: 1.057 Executing VM operation: HandshakeAllThreads (Deoptimize)
Event: 1.057 Executing VM operation: HandshakeAllThreads (Deoptimize) done
Event: 1.061 Executing VM operation: HandshakeAllThreads (Deoptimize)
Event: 1.061 Executing VM operation: HandshakeAllThreads (Deoptimize) done
Event: 1.061 Executing VM operation: HandshakeAllThreads (Deoptimize)
Event: 1.061 Executing VM operation: HandshakeAllThreads (Deoptimize) done
Event: 1.094 Executing VM operation: HandshakeAllThreads (Deoptimize)
Event: 1.111 Executing VM operation: HandshakeAllThreads (Deoptimize) done
Event: 1.191 Executing VM operation: G1CollectForAllocation (G1 Evacuation Pause)
Event: 1.196 Executing VM operation: G1CollectForAllocation (G1 Evacuation Pause) done
Event: 1.246 Executing VM operation: HandshakeAllThreads (Deoptimize)
Event: 1.246 Executing VM operation: HandshakeAllThreads (Deoptimize) done
Event: 1.427 Executing VM operation: HandshakeAllThreads (Deoptimize)
Event: 1.427 Executing VM operation: HandshakeAllThreads (Deoptimize) done
Event: 1.502 Executing VM operation: HandshakeAllThreads (Deoptimize)
Event: 1.502 Executing VM operation: HandshakeAllThreads (Deoptimize) done
Event: 1.548 Executing VM operation: HandshakeAllThreads (Deoptimize)
Event: 1.548 Executing VM operation: HandshakeAllThreads (Deoptimize) done
Event: 1.600 Executing VM operation: HandshakeAllThreads (Deoptimize)
Event: 1.600 Executing VM operation: HandshakeAllThreads (Deoptimize) done

Events (20 events):
Event: 0.037 Thread 0x000001fffa67cfe0 Thread added: 0x000001fffa67cfe0
Event: 0.037 Thread 0x000001fffa67edb0 Thread added: 0x000001fffa67edb0
Event: 0.037 Thread 0x000001fffa681920 Thread added: 0x000001fffa681920
Event: 0.037 Thread 0x000001fffa682380 Thread added: 0x000001fffa682380
Event: 0.038 Thread 0x000001fffa682f10 Thread added: 0x000001fffa682f10
Event: 0.038 Thread 0x000001fffa684b20 Thread added: 0x000001fffa684b20
Event: 0.038 Thread 0x000001fffa693400 Thread added: 0x000001fffa693400
Event: 0.044 Thread 0x000001fffa76e740 Thread added: 0x000001fffa76e740
Event: 0.045 Thread 0x000001fffa771410 Thread added: 0x000001fffa771410
Event: 0.091 Thread 0x000001fffa8047a0 Thread added: 0x000001fffa8047a0
Event: 0.106 Thread 0x000001fffa83bc90 Thread added: 0x000001fffa83bc90
Event: 0.215 Thread 0x000001fffaa6d070 Thread added: 0x000001fffaa6d070
Event: 0.215 Thread 0x000001fffaa6d6e0 Thread added: 0x000001fffaa6d6e0
Event: 0.334 Thread 0x000001ffff3358d0 Thread added: 0x000001ffff3358d0
Event: 0.343 Thread 0x000001ffff4164a0 Thread added: 0x000001ffff4164a0
Event: 0.607 Thread 0x000001ffd021fe70 Thread added: 0x000001ffd021fe70
Event: 0.614 Thread 0x000001ffd02229a0 Thread added: 0x000001ffd02229a0
Event: 1.078 Thread 0x000001ffd0359290 Thread added: 0x000001ffd0359290
Event: 1.586 Thread 0x000001ffd088d8e0 Thread added: 0x000001ffd088d8e0
Event: 1.656 Thread 0x000001ffd0359290 Thread exited: 0x000001ffd0359290


Dynamic libraries:
0x00007ff787cc0000 - 0x00007ff787cd0000 	C:\Program Files\Java\jdk-21\bin\java.exe
0x00007fff0ec50000 - 0x00007fff0ee68000 	C:\Windows\SYSTEM32\ntdll.dll
0x00007fff0dbe0000 - 0x00007fff0dca4000 	C:\Windows\System32\KERNEL32.DLL
0x00007fff0c2d0000 - 0x00007fff0c6a3000 	C:\Windows\System32\KERNELBASE.dll
0x00007fff0c6b0000 - 0x00007fff0c7c1000 	C:\Windows\System32\ucrtbase.dll
0x00007ffee1890000 - 0x00007ffee18a9000 	C:\Program Files\Java\jdk-21\bin\jli.dll
0x00007ffedb780000 - 0x00007ffedb79b000 	C:\Program Files\Java\jdk-21\bin\VCRUNTIME140.dll
0x00007fff0e4e0000 - 0x00007fff0e591000 	C:\Windows\System32\ADVAPI32.dll
0x00007fff0dab0000 - 0x00007fff0db57000 	C:\Windows\System32\msvcrt.dll
0x00007fff0d570000 - 0x00007fff0d618000 	C:\Windows\System32\sechost.dll
0x00007fff0c8c0000 - 0x00007fff0c8e8000 	C:\Windows\System32\bcrypt.dll
0x00007fff0e3c0000 - 0x00007fff0e4d8000 	C:\Windows\System32\RPCRT4.dll
0x00007fff0ea50000 - 0x00007fff0ec02000 	C:\Windows\System32\USER32.dll
0x00007fff0c7d0000 - 0x00007fff0c7f6000 	C:\Windows\System32\win32u.dll
0x00007fff0dd60000 - 0x00007fff0dd89000 	C:\Windows\System32\GDI32.dll
0x00007ffeef610000 - 0x00007ffeef8ac000 	C:\Windows\WinSxS\amd64_microsoft.windows.common-controls_6595b64144ccf1df_6.0.22621.6060_none_2712eda17382d24b\COMCTL32.dll
0x00007fff0c110000 - 0x00007fff0c22b000 	C:\Windows\System32\gdi32full.dll
0x00007fff0c230000 - 0x00007fff0c2ca000 	C:\Windows\System32\msvcp_win.dll
0x00007ffef7800000 - 0x00007ffef780a000 	C:\Windows\SYSTEM32\VERSION.dll
0x00007fff0e9c0000 - 0x00007fff0e9f1000 	C:\Windows\System32\IMM32.DLL
0x00007ffef1090000 - 0x00007ffef109c000 	C:\Program Files\Java\jdk-21\bin\vcruntime140_1.dll
0x00007ffea8e70000 - 0x00007ffea8efe000 	C:\Program Files\Java\jdk-21\bin\msvcp140.dll
0x00007ffe77170000 - 0x00007ffe77e85000 	C:\Program Files\Java\jdk-21\bin\server\jvm.dll
0x00007fff0e5a0000 - 0x00007fff0e611000 	C:\Windows\System32\WS2_32.dll
0x00007fff01470000 - 0x00007fff014a4000 	C:\Windows\SYSTEM32\WINMM.dll
0x00007fff0ab90000 - 0x00007fff0abdd000 	C:\Windows\SYSTEM32\POWRPROF.dll
0x00007fff0ab70000 - 0x00007fff0ab83000 	C:\Windows\SYSTEM32\UMPDC.dll
0x00007fff0ae30000 - 0x00007fff0ae48000 	C:\Windows\SYSTEM32\kernel.appcore.dll
0x00007ffeeff40000 - 0x00007ffeeff4a000 	C:\Program Files\Java\jdk-21\bin\jimage.dll
0x00007fff09830000 - 0x00007fff09a63000 	C:\Windows\SYSTEM32\DBGHELP.DLL
0x00007fff0e620000 - 0x00007fff0e9b1000 	C:\Windows\System32\combase.dll
0x00007fff0ddd0000 - 0x00007fff0dea8000 	C:\Windows\System32\OLEAUT32.dll
0x00007ffee8800000 - 0x00007ffee8832000 	C:\Windows\SYSTEM32\dbgcore.DLL
0x00007fff0bd60000 - 0x00007fff0bddb000 	C:\Windows\System32\bcryptPrimitives.dll
0x00007fff00f20000 - 0x00007fff00f2f000 	C:\Program Files\Java\jdk-21\bin\instrument.dll
0x00007ffed6990000 - 0x00007ffed69af000 	C:\Program Files\Java\jdk-21\bin\java.dll
0x00007fff0c8f0000 - 0x00007fff0d18c000 	C:\Windows\System32\SHELL32.dll
0x00007fff0bfd0000 - 0x00007fff0c10f000 	C:\Windows\System32\wintypes.dll
0x00007fff09c20000 - 0x00007fff0a53a000 	C:\Windows\SYSTEM32\windows.storage.dll
0x00007fff0d460000 - 0x00007fff0d564000 	C:\Windows\System32\SHCORE.dll
0x00007fff0db70000 - 0x00007fff0dbd9000 	C:\Windows\System32\shlwapi.dll
0x00007fff0bc90000 - 0x00007fff0bcb5000 	C:\Windows\SYSTEM32\profapi.dll
0x00007ffe85250000 - 0x00007ffe85327000 	C:\Program Files\Java\jdk-21\bin\jsvml.dll
0x00007ffed63b0000 - 0x00007ffed63c8000 	C:\Program Files\Java\jdk-21\bin\zip.dll
0x00007ffeefe00000 - 0x00007ffeefe10000 	C:\Program Files\Java\jdk-21\bin\net.dll
0x00007fff04830000 - 0x00007fff0495c000 	C:\Windows\SYSTEM32\WINHTTP.dll
0x00007fff0b310000 - 0x00007fff0b379000 	C:\Windows\system32\mswsock.dll
0x00007ffed65d0000 - 0x00007ffed65e6000 	C:\Program Files\Java\jdk-21\bin\nio.dll
0x00007ffef10f0000 - 0x00007ffef110a000 	C:\Program Files\JetBrains\IntelliJ IDEA Community Edition 2023.3.6\bin\breakgen64.dll
0x00007ffeee980000 - 0x00007ffeee987000 	C:\Program Files\Java\jdk-21\bin\extnet.dll
0x00007fff00f00000 - 0x00007fff00f0a000 	C:\Program Files\Java\jdk-21\bin\management.dll
0x00007fff004f0000 - 0x00007fff004fb000 	C:\Program Files\Java\jdk-21\bin\management_ext.dll
0x00007fff0d620000 - 0x00007fff0d628000 	C:\Windows\System32\PSAPI.DLL
0x00007ffef6bc0000 - 0x00007ffef6bce000 	C:\Program Files\Java\jdk-21\bin\sunmscapi.dll
0x00007fff0be60000 - 0x00007fff0bfc8000 	C:\Windows\System32\CRYPT32.dll
0x00007fff0b720000 - 0x00007fff0b74e000 	C:\Windows\SYSTEM32\ncrypt.dll
0x00007fff0b6e0000 - 0x00007fff0b717000 	C:\Windows\SYSTEM32\NTASN1.dll

dbghelp: loaded successfully - version: 4.0.5 - missing functions: none
symbol engine: initialized successfully - sym options: 0x614 - pdb path: .;C:\Program Files\Java\jdk-21\bin;C:\Windows\SYSTEM32;C:\Windows\WinSxS\amd64_microsoft.windows.common-controls_6595b64144ccf1df_6.0.22621.6060_none_2712eda17382d24b;C:\Program Files\Java\jdk-21\bin\server;C:\Program Files\JetBrains\IntelliJ IDEA Community Edition 2023.3.6\bin

VM Arguments:
jvm_args: -javaagent:C:\Program Files\JetBrains\IntelliJ IDEA Community Edition 2023.3.6\lib\idea_rt.jar=53834:C:\Program Files\JetBrains\IntelliJ IDEA Community Edition 2023.3.6\bin -Dfile.encoding=UTF-8 -Dsun.stdout.encoding=UTF-8 -Dsun.stderr.encoding=UTF-8 
java_command: com.project.concert.ConcertApplication
java_class_path (initial): C:\Users\janlo\Downloads\concert system\target\classes;C:\Users\janlo\.m2\repository\org\springframework\boot\spring-boot-starter-web\3.4.4\spring-boot-starter-web-3.4.4.jar;C:\Users\janlo\.m2\repository\org\springframework\boot\spring-boot-starter\3.4.4\spring-boot-starter-3.4.4.jar;C:\Users\janlo\.m2\repository\org\springframework\boot\spring-boot-starter-logging\3.4.4\spring-boot-starter-logging-3.4.4.jar;C:\Users\janlo\.m2\repository\ch\qos\logback\logback-classic\1.5.18\logback-classic-1.5.18.jar;C:\Users\janlo\.m2\repository\ch\qos\logback\logback-core\1.5.18\logback-core-1.5.18.jar;C:\Users\janlo\.m2\repository\org\apache\logging\log4j\log4j-to-slf4j\2.24.3\log4j-to-slf4j-2.24.3.jar;C:\Users\janlo\.m2\repository\org\apache\logging\log4j\log4j-api\2.24.3\log4j-api-2.24.3.jar;C:\Users\janlo\.m2\repository\org\slf4j\jul-to-slf4j\2.0.17\jul-to-slf4j-2.0.17.jar;C:\Users\janlo\.m2\repository\jakarta\annotation\jakarta.annotation-api\2.1.1\jakarta.annotation-api-2.1.1.jar;C:\Users\janlo\.m2\repository\org\yaml\snakeyaml\2.3\snakeyaml-2.3.jar;C:\Users\janlo\.m2\repository\org\springframework\boot\spring-boot-starter-json\3.4.4\spring-boot-starter-json-3.4.4.jar;C:\Users\janlo\.m2\repository\com\fasterxml\jackson\core\jackson-databind\2.18.3\jackson-databind-2.18.3.jar;C:\Users\janlo\.m2\repository\com\fasterxml\jackson\core\jackson-annotations\2.18.3\jackson-annotations-2.18.3.jar;C:\Users\janlo\.m2\repository\com\fasterxml\jackson\core\jackson-core\2.18.3\jackson-core-2.18.3.jar;C:\Users\janlo\.m2\repository\com\fasterxml\jackson\datatype\jackson-datatype-jdk8\2.18.3\jackson-datatype-jdk8-2.18.3.jar;C:\Users\janlo\.m2\repository\com\fasterxml\jackson\datatype\jackson-datatype-jsr310\2.18.3\jackson-datatype-jsr310-2.18.3.jar;C:\Users\janlo\.m2\repository\com\fasterxml\jackson\module\jackson-module-parameter-names\2.18.3\jackson-module-parameter-names-2.18.3.jar;C:\Users\janlo\.m2\repository\org\springframework\boot\spring-boot-starter-tomcat\3.4.4\spring-boot-starter-tomcat-3.4.4.jar;C:\Users\janlo\.m2\repository\org\apache\tomcat\embed\tomcat-embed-core\10.1.39\tomcat-embed-core-10.1.39.jar;C:\Users\janlo\.m2\repository\org\apache\tomcat\embed\tomcat-embed-el\10.1.39\tomcat-embed-el-10.1.39.jar;C:\Users\janlo\.m2\repository\org\apache\tomcat\embed\tomcat-embed-websocket\10.1.39\tomcat-embed-websocket-10.1.39.jar;C:\Users\janlo\.m2\repository\org\springframework\spring-web\6.2.5\spring-web-6.2.5.jar;C:\Users\janlo\.m2\repository\org\springframework\spring-beans\6.2.5\spring-beans-6.2.5.jar;C:\Users\janlo\.m2\repository\io\micrometer\micrometer-observation\1.14.5\micrometer-observation-1.14.5.jar;C:\Users\janlo\.m2\repository\io\micrometer\micrometer-commons\1.14.5\micrometer-commons-1.14.5.jar;C:\Users\janlo\.m2\repository\org\springframework\spring-webmvc\6.2.5\spring-webmvc-6.2.5.jar;C:\Users\janlo\.m2\repository\org\springframework\spring-aop\6.2.5\spring-aop-6.2.5.jar;C:\Users\janlo\.m2\repository\org\springframework\spring-context\6.2.5\spring-context-6.2.5.jar;C:\Users\janlo\.m2\repository\org\springframework\spring-expression\6.2.5\spring-expression-6.2.5.jar;C:\Users\janlo\.m2\repository\org\springframework\boot\spring-boot-starter-data-jpa\3.4.4\spring-boot-starter-data-jpa-3.4.4.jar;C:\Users\janlo\.m2\repository\org\springframework\boot\spring-boot-starter-jdbc\3.4.4\spring-boot-starter-jdbc-3.4.4.jar;C:\Users\janlo\.m2\repository\com\zaxxer\HikariCP\5.1.0\HikariCP-5.1.0.jar;C:\Users\janlo\.m2\repository\org\springframework\spring-jdbc\6.2.5\spring-jdbc-6.2.5.jar;C:\Users\janlo\.m2\repository\org\hibernate\orm\hibernate-core\6.6.11.Final\hibernate-core-6.6.11.Final.jar;C:\Users\janlo\.m2\repository\jakarta\persistence\jakarta.persistence-api\3.1.0\jakarta.persistence-api-3.1.0.jar;C:\Users\janlo\.m2\repository\jakarta\transaction\jakarta.transaction-api\2.0.1\jakarta.transaction-api-2.0.1.jar;C:\Users\janlo\.m2\repository\org\jboss\logging\jboss-logging\3.6.1.Final\jboss-logging-3.6.1.Final.jar;C:\Users\janlo\.m2\repository\org\hibernate\common\hibernate-commons-annotations\7.0.3.Final\hibernate-commons-annotations-7.0.3.Final.jar;C:\Users\janlo\.m2\repository\io\smallrye\jandex\3.2.0\jandex-3.2.0.jar;C:\Users\janlo\.m2\repository\com\fasterxml\classmate\1.7.0\classmate-1.7.0.jar;C:\Users\janlo\.m2\repository\net\bytebuddy\byte-buddy\1.15.11\byte-buddy-1.15.11.jar;C:\Users\janlo\.m2\repository\org\glassfish\jaxb\jaxb-runtime\4.0.5\jaxb-runtime-4.0.5.jar;C:\Users\janlo\.m2\repository\org\glassfish\jaxb\jaxb-core\4.0.5\jaxb-core-4.0.5.jar;C:\Users\janlo\.m2\repository\org\eclipse\angus\angus-activation\2.0.2\angus-activation-2.0.2.jar;C:\Users\janlo\.m2\repository\org\glassfish\jaxb\txw2\4.0.5\txw2-4.0.5.jar;C:\Users\janlo\.m2\repository\com\sun\istack\istack-commons-runtime\4.1.2\istack-commons-runtime-4.1.2.jar;C:\Users\janlo\.m2\repository\jakarta\inject\jakarta.inject-api\2.0.1\jakarta.inject-api-2.0.1.jar;C:\Users\janlo\.m2\repository\org\antlr\antlr4-runtime\4.13.0\antlr4-runtime-4.13.0.jar;C:\Users\janlo\.m2\repository\org\springframework\data\spring-data-jpa\3.4.4\spring-data-jpa-3.4.4.jar;C:\Users\janlo\.m2\repository\org\springframework\data\spring-data-commons\3.4.4\spring-data-commons-3.4.4.jar;C:\Users\janlo\.m2\repository\org\springframework\spring-orm\6.2.5\spring-orm-6.2.5.jar;C:\Users\janlo\.m2\repository\org\springframework\spring-tx\6.2.5\spring-tx-6.2.5.jar;C:\Users\janlo\.m2\repository\org\slf4j\slf4j-api\2.0.17\slf4j-api-2.0.17.jar;C:\Users\janlo\.m2\repository\org\springframework\spring-aspects\6.2.5\spring-aspects-6.2.5.jar;C:\Users\janlo\.m2\repository\org\aspectj\aspectjweaver\1.9.23\aspectjweaver-1.9.23.jar;C:\Users\janlo\.m2\repository\org\springframework\boot\spring-boot-starter-thymeleaf\3.4.4\spring-boot-starter-thymeleaf-3.4.4.jar;C:\Users\janlo\.m2\repository\org\thymeleaf\thymeleaf-spring6\3.1.3.RELEASE\thymeleaf-spring6-3.1.3.RELEASE.jar;C:\Users\janlo\.m2\repository\org\thymeleaf\thymeleaf\3.1.3.RELEASE\thymeleaf-3.1.3.RELEASE.jar;C:\Users\janlo\.m2\repository\org\attoparser\attoparser\2.0.7.RELEASE\attoparser-2.0.7.RELEASE.jar;C:\Users\janlo\.m2\repository\org\unbescape\unbescape\1.1.6.RELEASE\unbescape-1.1.6.RELEASE.jar;C:\Users\janlo\.m2\repository\com\mysql\mysql-connector-j\9.1.0\mysql-connector-j-9.1.0.jar;C:\Users\janlo\.m2\repository\org\springframework\boot\spring-boot-devtools\3.4.4\spring-boot-devtools-3.4.4.jar;C:\Users\janlo\.m2\repository\org\springframework\boot\spring-boot\3.4.4\spring-boot-3.4.4.jar;C:\Users\janlo\.m2\repository\org\springframework\boot\spring-boot-autoconfigure\3.4.4\spring-boot-autoconfigure-3.4.4.jar;C:\Users\janlo\.m2\repository\jakarta\xml\bind\jakarta.xml.bind-api\4.0.2\jakarta.xml.bind-api-4.0.2.jar;C:\Users\janlo\.m2\repository\jakarta\activation\jakarta.activation-api\2.1.3\jakarta.activation-api-2.1.3.jar;C:\Users\janlo\.m2\repository\org\springframework\spring-core\6.2.5\spring-core-6.2.5.jar;C:\Users\janlo\.m2\repository\org\springframework\spring-jcl\6.2.5\spring-jcl-6.2.5.jar;C:\Users\janlo\.m2\repository\com\cloudinary\cloudinary-http44\1.32.2\cloudinary-http44-1.32.2.jar;C:\Users\janlo\.m2\repository\com\cloudinary\cloudinary-core\1.32.2\cloudinary-core-1.32.2.jar;C:\Users\janlo\.m2\repository\org\apache\commons\commons-lang3\3.17.0\commons-lang3-3.17.0.jar;C:\Users\janlo\.m2\repository\org\apache\httpcomponents\httpclient\4.4\httpclient-4.4.jar;C:\Users\janlo\.m2\repository\org\apache\httpcomponents\httpcore\4.4.16\httpcore-4.4.16.jar;C:\Users\janlo\.m2\repository\commons-logging\commons-logging\1.2\commons-logging-1.2.jar;C:\Users\janlo\.m2\repository\commons-codec\commons-codec\1.17.2\commons-codec-1.17.2.jar;C:\Users\janlo\.m2\repository\org\apache\httpcomponents\httpmime\4.4\httpmime-4.4.jar
Launcher Type: SUN_STANDARD

[Global flags]
     intx CICompilerCount                          = 12                                        {product} {ergonomic}
     uint ConcGCThreads                            = 4                                         {product} {ergonomic}
     uint G1ConcRefinementThreads                  = 15                                        {product} {ergonomic}
   size_t G1HeapRegionSize                         = 2097152                                   {product} {ergonomic}
    uintx GCDrainStackTargetSize                   = 64                                        {product} {ergonomic}
   size_t InitialHeapSize                          = 264241152                                 {product} {ergonomic}
   size_t MarkStackSize                            = 4194304                                   {product} {ergonomic}
   size_t MaxHeapSize                              = 4223664128                                {product} {ergonomic}
   size_t MaxNewSize                               = 2533359616                                {product} {ergonomic}
   size_t MinHeapDeltaBytes                        = 2097152                                   {product} {ergonomic}
   size_t MinHeapSize                              = 8388608                                   {product} {ergonomic}
    uintx NonNMethodCodeHeapSize                   = 7602480                                {pd product} {ergonomic}
    uintx NonProfiledCodeHeapSize                  = 122027880                              {pd product} {ergonomic}
    uintx ProfiledCodeHeapSize                     = 122027880                              {pd product} {ergonomic}
    uintx ReservedCodeCacheSize                    = 251658240                              {pd product} {ergonomic}
     bool SegmentedCodeCache                       = true                                      {product} {ergonomic}
   size_t SoftMaxHeapSize                          = 4223664128                             {manageable} {ergonomic}
     bool UseCompressedOops                        = true                           {product lp64_product} {ergonomic}
     bool UseG1GC                                  = true                                      {product} {ergonomic}
     bool UseLargePagesIndividualAllocation        = false                                  {pd product} {ergonomic}

Logging:
Log output configuration:
 #0: stdout all=warning uptime,level,tags foldmultilines=false
 #1: stderr all=off uptime,level,tags foldmultilines=false

Environment Variables:
PATH=C:\Program Files\NVIDIA GPU Computing Toolkit\CUDA\v13.1\bin\x64;C:\Program Files\NVIDIA GPU Computing Toolkit\CUDA\v13.1\bin;C:\Program Files (x86)\VMware\VMware Workstation\bin\;C:\Program Files\Common Files\Oracle\Java\javapath;C:\Users\janlo\Desktop\Scripts\;C:\Users\janlo\Desktop\;C:\Windows\system32;C:\Windows;C:\Windows\System32\Wbem;C:\Windows\System32\WindowsPowerShell\v1.0\;C:\Windows\System32\OpenSSH\;C:\Program Files\Git\cmd;C:\msys64\mingw64\bin\x86_64-w64-mingw32-gcc-13.1.0.exe;C:\msys64\mingw64\bin;C:\Program Files\nodejs\;C:\Python31012\Scripts;C:\ProgramData\chocolatey\bin;C:\Program Files\MySQL\MySQL Server 8.0\bin;C:\Program Files (x86)\Microsoft SQL Server\160\Tools\Binn\;C:\Program Files\Microsoft SQL Server\160\Tools\Binn\;C:\Program Files\Microsoft SQL Server\Client SDK\ODBC\170\Tools\Binn\;C:\Program Files\Microsoft SQL Server\160\DTS\Binn\;C:\Program Files (x86)\Microsoft SQL Server\160\DTS\Binn\;C:\Users\janlo\Desktop\gradle-8.13\bin;C:\Users\janlo\Desktop\apache-maven-3.9.9\bin;C:\Program Files\NVIDIA Corporation\Nsight Compute 2025.4.0\;C:\Users\janlo\AppData\Local\Microsoft\WindowsApps;C:\Users\janlo\AppData\Local\Programs\Microsoft VS Code\bin;C:\Program Files\MySQL\MySQL Server 8.0\bin;C:\Users\janlo\Desktop\apache-maven-3.9.9\bin;C:\Program Files\heroku\bin;C:\Users\janlo\AppData\Roaming\npm
USERNAME=janlo
OS=Windows_NT
PROCESSOR_IDENTIFIER=Intel64 Family 6 Model 154 Stepping 3, GenuineIntel
TMP=C:\Users\janlo\AppData\Local\Temp
TEMP=C:\Users\janlo\AppData\Local\Temp




Periodic native trim disabled

---------------  S Y S T E M  ---------------

OS:
 Windows 11 , 64 bit Build 22621 (10.0.22621.5415)
OS uptime: 11 days 20:21 hours
Hyper-V role detected

CPU: total 20 (initial active 20) (10 cores per cpu, 2 threads per core) family 6 model 154 stepping 3 microcode 0x435, cx8, cmov, fxsr, ht, mmx, 3dnowpref, sse, sse2, sse3, ssse3, sse4.1, sse4.2, popcnt, lzcnt, tsc, tscinvbit, avx, avx2, aes, erms, clmul, bmi1, bmi2, adx, sha, fma, vzeroupper, clflush, clflushopt, clwb, hv, serialize, rdtscp, rdpid, fsrm, f16c, cet_ibt, cet_ss
Processor Information for processor 0
  Max Mhz: 2500, Current Mhz: 2500, Mhz Limit: 2500
Processor Information for processor 1
  Max Mhz: 2500, Current Mhz: 2500, Mhz Limit: 2500
Processor Information for processor 2
  Max Mhz: 2500, Current Mhz: 1532, Mhz Limit: 2500
Processor Information for processor 3
  Max Mhz: 2500, Current Mhz: 1532, Mhz Limit: 2500
Processor Information for processor 4
  Max Mhz: 2500, Current Mhz: 2500, Mhz Limit: 2500
Processor Information for processor 5
  Max Mhz: 2500, Current Mhz: 1532, Mhz Limit: 2500
Processor Information for processor 6
  Max Mhz: 2500, Current Mhz: 2500, Mhz Limit: 2500
Processor Information for processor 7
  Max Mhz: 2500, Current Mhz: 2500, Mhz Limit: 2500
Processor Information for processor 8
  Max Mhz: 2500, Current Mhz: 2500, Mhz Limit: 2500
Processor Information for processor 9
  Max Mhz: 2500, Current Mhz: 2500, Mhz Limit: 2500
Processor Information for processor 10
  Max Mhz: 2500, Current Mhz: 2500, Mhz Limit: 2500
Processor Information for processor 11
  Max Mhz: 2500, Current Mhz: 2500, Mhz Limit: 2500
Processor Information for processor 12
  Max Mhz: 2500, Current Mhz: 1800, Mhz Limit: 1800
Processor Information for processor 13
  Max Mhz: 2500, Current Mhz: 1800, Mhz Limit: 1800
Processor Information for processor 14
  Max Mhz: 2500, Current Mhz: 1800, Mhz Limit: 1800
Processor Information for processor 15
  Max Mhz: 2500, Current Mhz: 1500, Mhz Limit: 1800
Processor Information for processor 16
  Max Mhz: 2500, Current Mhz: 1800, Mhz Limit: 1800
Processor Information for processor 17
  Max Mhz: 2500, Current Mhz: 1800, Mhz Limit: 1800
Processor Information for processor 18
  Max Mhz: 2500, Current Mhz: 1800, Mhz Limit: 1800
Processor Information for processor 19
  Max Mhz: 2500, Current Mhz: 1500, Mhz Limit: 1800

Memory: 4k page, system-wide physical 16109M (3054M free)
TotalPageFile size 21661M (AvailPageFile size 21M)
current process WorkingSet (physical memory assigned to process): 145M, peak: 145M
current process commit charge ("private bytes"): 418M, peak: 418M

vm_info: Java HotSpot(TM) 64-Bit Server VM (21.0.1+12-LTS-29) for windows-amd64 JRE (21.0.1+12-LTS-29), built on 2023-10-05T13:27:09Z by "mach5one" with MS VC++ 17.1 (VS2022)

END.
